AndroidManager/proguard/seeds.txt
com.purehero.apk.manager.ApkHistoryDB
com.purehero.apk.manager.ApkHistoryDB: ApkHistoryDB(android.content.Context,int)
com.purehero.apk.manager.ApkHistoryDB: void onCreate(android.database.sqlite.SQLiteDatabase)
com.purehero.apk.manager.ApkHistoryDB: void onUpgrade(android.database.sqlite.SQLiteDatabase,int,int)
com.purehero.apk.manager.ApkHistoryDB: long inset(java.lang.String,java.lang.String,java.lang.String,java.lang.String)
com.purehero.apk.manager.ApkHistoryDB: java.util.List select(java.lang.String,java.lang.String[])
com.purehero.apk.manager.ApkHistoryDB: android.database.Cursor selectAll()
com.purehero.apk.manager.ApkHistoryDB: void removeAll()
com.purehero.apk.manager.ApkHistoryFragment
com.purehero.apk.manager.ApkHistoryFragment: ApkHistoryFragment(com.purehero.apk.manager.MainActivity)
com.purehero.apk.manager.ApkHistoryFragment: android.view.View onCreateView(android.view.LayoutInflater,android.view.ViewGroup,android.os.Bundle)
com.purehero.apk.manager.ApkHistoryFragment: void removeAllItems()
com.purehero.apk.manager.ApkHistoryFragment$1
com.purehero.apk.manager.ApkHistoryFragment$1: void run()
com.purehero.apk.manager.ApkHistoryListAdapter
com.purehero.apk.manager.ApkHistoryListAdapter: ApkHistoryListAdapter(android.content.Context,com.purehero.apk.manager.ApkHistoryDB)
com.purehero.apk.manager.ApkHistoryListAdapter: void bindView(android.view.View,android.content.Context,android.database.Cursor)
com.purehero.apk.manager.ApkHistoryListAdapter: android.view.View newView(android.content.Context,android.database.Cursor,android.view.ViewGroup)
com.purehero.apk.manager.ApkHistoryListAdapter: boolean isEnabled(int)
com.purehero.apk.manager.ApkHistoryListAdapter$ViewHolder
com.purehero.apk.manager.ApkHistoryListAdapter$ViewHolder: android.widget.ImageView icon
com.purehero.apk.manager.ApkHistoryListAdapter$ViewHolder: android.widget.TextView app_name
com.purehero.apk.manager.ApkHistoryListAdapter$ViewHolder: android.widget.TextView action
com.purehero.apk.manager.ApkHistoryListAdapter$ViewHolder: android.widget.TextView reg_time
com.purehero.apk.manager.ApkListAdapter
com.purehero.apk.manager.ApkListAdapter: ApkListAdapter(android.content.Context)
com.purehero.apk.manager.ApkListAdapter: void remove(int)
com.purehero.apk.manager.ApkListAdapter: void sort()
com.purehero.apk.manager.ApkListAdapter: void dataChanged()
com.purehero.apk.manager.ApkListAdapter: int getCount()
com.purehero.apk.manager.ApkListAdapter: java.lang.Object getItem(int)
com.purehero.apk.manager.ApkListAdapter: long getItemId(int)
com.purehero.apk.manager.ApkListAdapter: android.view.View getView(int,android.view.View,android.view.ViewGroup)
com.purehero.apk.manager.ApkListAdapter: android.widget.Filter getFilter()
com.purehero.apk.manager.ApkListAdapter$ItemFilter
com.purehero.apk.manager.ApkListAdapter$ViewHolder
com.purehero.apk.manager.ApkListAdapter$ViewHolder: android.widget.ImageView icon
com.purehero.apk.manager.ApkListAdapter$ViewHolder: android.widget.TextView appName
com.purehero.apk.manager.ApkListAdapter$ViewHolder: android.widget.TextView packageName
com.purehero.apk.manager.ApkListData
com.purehero.apk.manager.ApkListData: java.util.Comparator ALPHA_COMPARATOR
com.purehero.apk.manager.ApkListData: ApkListData(android.content.Context,android.content.pm.ResolveInfo,android.content.pm.PackageManager)
com.purehero.apk.manager.ApkListData: android.graphics.drawable.Drawable getIcon()
com.purehero.apk.manager.ApkListData: java.lang.String getAppName()
com.purehero.apk.manager.ApkListData: java.lang.String getPackageName()
com.purehero.apk.manager.ApkListData: java.lang.String getLauncherActivityName()
com.purehero.apk.manager.ApkListData: java.lang.String getApkFilepath()
com.purehero.apk.manager.ApkListData: void setIndex(int)
com.purehero.apk.manager.ApkListData: int getIndex()
...
com.google.android.gms.games.Games$1
com.google.android.gms.games.Games$1: com.google.android.gms.games.internal.GamesClientImpl a(android.content.Context,android.os.Looper,com.google.android.gms.internal.jg,com.google.android.gms.games.Games$GamesOptions,com.google.android.gms.common.api.GoogleApiClient$ConnectionCallbacks,com.google.android.gms.common.api.GoogleApiClient$OnConnectionFailedListener)
com.google.android.gms.games.Games$1: int getPriority()
com.google.android.gms.games.Games$1: com.google.android.gms.common.api.Api$a a(android.content.Context,android.os.Looper,com.google.android.gms.internal.jg,java.lang.Object,com.google.android.gms.common.api.GoogleApiClient$ConnectionCallbacks,com.google.android.gms.common.api.GoogleApiClient$OnConnectionFailedListener)
com.google.android.gms.games.Games$2
com.google.android.gms.games.Games$BaseGamesApiMethodImpl
com.google.android.gms.games.Games$BaseGamesApiMethodImpl: Games$BaseGamesApiMethodImpl(com.google.android.gms.common.api.GoogleApiClient)
com.google.android.gms.games.Games$GamesOptions
com.google.android.gms.games.Games$GamesOptions: boolean Xa
com.google.android.gms.games.Games$GamesOptions: boolean Xb
com.google.android.gms.games.Games$GamesOptions: int Xc
com.google.android.gms.games.Games$GamesOptions: boolean Xd
com.google.android.gms.games.Games$GamesOptions: int Xe
com.google.android.gms.games.Games$GamesOptions: java.lang.String Xf
com.google.android.gms.games.Games$GamesOptions: java.util.ArrayList Xg
com.google.android.gms.games.Games$GamesOptions: com.google.android.gms.games.Games$GamesOptions$Builder builder()
com.google.android.gms.games.Games$GamesOptions$Builder
com.google.android.gms.games.Games$GamesOptions$Builder: com.google.android.gms.games.Games$GamesOptions$Builder setShowConnectingPopup(boolean)
com.google.android.gms.games.Games$GamesOptions$Builder: com.google.android.gms.games.Games$GamesOptions$Builder setShowConnectingPopup(boolean,int)
com.google.android.gms.games.Games$GamesOptions$Builder: com.google.android.gms.games.Games$GamesOptions$Builder setSdkVariant(int)
com.google.android.gms.games.Games$GamesOptions$Builder: com.google.android.gms.games.Games$GamesOptions build()
com.google.android.gms.games.Games$SignOutImpl
com.google.android.gms.games.Games$SignOutImpl: com.google.android.gms.common.api.Status b(com.google.android.gms.common.api.Status)
com.google.android.gms.games.Games$SignOutImpl: com.google.android.gms.common.api.Result c(com.google.android.gms.common.api.Status)
com.google.android.gms.games.GamesActivityResultCodes
com.google.android.gms.games.GamesActivityResultCodes: int RESULT_RECONNECT_REQUIRED
com.google.android.gms.games.GamesActivityResultCodes: int RESULT_SIGN_IN_FAILED
com.google.android.gms.games.GamesActivityResultCodes: int RESULT_LICENSE_FAILED
com.google.android.gms.games.GamesActivityResultCodes: int RESULT_APP_MISCONFIGURED
com.google.android.gms.games.GamesActivityResultCodes: int RESULT_LEFT_ROOM
com.google.android.gms.games.GamesActivityResultCodes: int RESULT_NETWORK_FAILURE
com.google.android.gms.games.GamesActivityResultCodes: int RESULT_SEND_REQUEST_FAILED
com.google.android.gms.games.GamesActivityResultCodes: int RESULT_INVALID_ROOM
com.google.android.gms.games.GamesMetadata
com.google.android.gms.games.GamesMetadata: com.google.android.gms.games.Game getCurrentGame(com.google.android.gms.common.api.GoogleApiClient)
com.google.android.gms.games.GamesMetadata: com.google.android.gms.common.api.PendingResult loadGame(com.google.android.gms.common.api.GoogleApiClient)
com.google.android.gms.games.GamesMetadata$LoadExtendedGamesResult
com.google.android.gms.games.GamesMetadata$LoadGameInstancesResult
com.google.android.gms.games.GamesMetadata$LoadGameSearchSuggestionsResult
com.google.android.gms.games.GamesMetadata$LoadGamesResult
com.google.android.gms.games.GamesMetadata$LoadGamesResult: com.google.android.gms.games.GameBuffer getGames()