AndroidManager/proguard/mapping.txt
com.purehero.apk.manager.ApkHistoryDB -> com.purehero.apk.manager.ApkHistoryDB:
    void onCreate(android.database.sqlite.SQLiteDatabase) -> onCreate
    void onUpgrade(android.database.sqlite.SQLiteDatabase,int,int) -> onUpgrade
    long inset(java.lang.String,java.lang.String,java.lang.String,java.lang.String) -> inset
    java.util.List select(java.lang.String,java.lang.String[]) -> select
    android.database.Cursor selectAll() -> selectAll
    void removeAll() -> removeAll
com.purehero.apk.manager.ApkHistoryFragment -> com.purehero.apk.manager.ApkHistoryFragment:
    com.purehero.apk.manager.MainActivity context -> a
    android.view.View layout -> b
    android.widget.ListView apkHistoryListView -> c
    com.purehero.apk.manager.ApkHistoryListAdapter apkHistoryListAdapter -> d
    android.view.View onCreateView(android.view.LayoutInflater,android.view.ViewGroup,android.os.Bundle) -> onCreateView
    void removeAllItems() -> removeAllItems
    com.purehero.apk.manager.ApkHistoryListAdapter access$0(com.purehero.apk.manager.ApkHistoryFragment) -> a
com.purehero.apk.manager.ApkHistoryFragment$1 -> com.purehero.apk.manager.ApkHistoryFragment$1:
    com.purehero.apk.manager.ApkHistoryFragment this$0 -> a
    void run() -> run
com.purehero.apk.manager.ApkHistoryListAdapter -> com.purehero.apk.manager.ApkHistoryListAdapter:
    void bindView(android.view.View,android.content.Context,android.database.Cursor) -> bindView
    java.lang.String checkNull(java.lang.String) -> a
    android.view.View newView(android.content.Context,android.database.Cursor,android.view.ViewGroup) -> newView
    boolean isEnabled(int) -> isEnabled
com.purehero.apk.manager.ApkHistoryListAdapter$ViewHolder -> com.purehero.apk.manager.ApkHistoryListAdapter$ViewHolder:
    android.widget.ImageView icon -> icon
    android.widget.TextView app_name -> app_name
    android.widget.TextView action -> action
    android.widget.TextView reg_time -> reg_time
    com.purehero.apk.manager.ApkHistoryListAdapter this$0 -> a
com.purehero.apk.manager.ApkListAdapter -> com.purehero.apk.manager.ApkListAdapter:
    android.content.Context context -> a
    java.util.List listData -> b
    java.util.List filteredData -> c
    void remove(int) -> remove
    void sort() -> sort
    void dataChanged() -> dataChanged
    int getCount() -> getCount
    java.lang.Object getItem(int) -> getItem
    long getItemId(int) -> getItemId
    android.view.View getView(int,android.view.View,android.view.ViewGroup) -> getView
    android.widget.Filter getFilter() -> getFilter
    java.util.List access$0(com.purehero.apk.manager.ApkListAdapter) -> a
    void access$1(com.purehero.apk.manager.ApkListAdapter,java.util.List) -> a
com.purehero.apk.manager.ApkListAdapter$ItemFilter -> com.purehero.apk.manager.ApkListAdapter$ItemFilter:
    com.purehero.apk.manager.ApkListAdapter this$0 -> a
    android.widget.Filter$FilterResults performFiltering(java.lang.CharSequence) -> performFiltering
    void publishResults(java.lang.CharSequence,android.widget.Filter$FilterResults) -> publishResults
com.purehero.apk.manager.ApkListAdapter$ViewHolder -> com.purehero.apk.manager.ApkListAdapter$ViewHolder:
    android.widget.ImageView icon -> icon
    android.widget.TextView appName -> appName
    android.widget.TextView packageName -> packageName
    com.purehero.apk.manager.ApkListAdapter this$0 -> a
...
com.google.android.gms.maps.internal.y -> com.google.android.gms.maps.internal.y:
    com.google.android.gms.maps.internal.z CREATOR -> CREATOR
    int versionCode -> a
    android.graphics.Point alK -> b
    int getVersionCode() -> a
    android.graphics.Point oa() -> oa
    boolean equals(java.lang.Object) -> equals
    int hashCode() -> hashCode
    java.lang.String toString() -> toString
    int describeContents() -> describeContents
    void writeToParcel(android.os.Parcel,int) -> writeToParcel
com.google.android.gms.maps.internal.z -> com.google.android.gms.maps.internal.z:
    com.google.android.gms.maps.internal.y cZ(android.os.Parcel) -> cZ
    com.google.android.gms.maps.internal.y[] eV(int) -> eV
    void a(com.google.android.gms.maps.internal.y,android.os.Parcel,int) -> a
    java.lang.Object[] newArray(int) -> newArray
    java.lang.Object createFromParcel(android.os.Parcel) -> createFromParcel
com.google.android.gms.maps.model.BitmapDescriptor -> com.google.android.gms.maps.model.BitmapDescriptor:
    com.google.android.gms.dynamic.d akk -> a
    com.google.android.gms.dynamic.d nA() -> nA
com.google.android.gms.maps.model.BitmapDescriptorFactory -> com.google.android.gms.maps.model.BitmapDescriptorFactory:
    float HUE_RED -> HUE_RED
    float HUE_ORANGE -> HUE_ORANGE
    float HUE_YELLOW -> HUE_YELLOW
    float HUE_GREEN -> HUE_GREEN
    float HUE_CYAN -> HUE_CYAN
    float HUE_AZURE -> HUE_AZURE
    float HUE_BLUE -> HUE_BLUE
    float HUE_VIOLET -> HUE_VIOLET
    float HUE_MAGENTA -> HUE_MAGENTA
    float HUE_ROSE -> HUE_ROSE
    com.google.android.gms.maps.model.internal.g alM -> a
    com.google.android.gms.maps.model.internal.g oc() -> a
    void a(com.google.android.gms.maps.model.internal.g) -> a
    com.google.android.gms.maps.model.BitmapDescriptor fromResource(int) -> fromResource
    com.google.android.gms.maps.model.BitmapDescriptor fromAsset(java.lang.String) -> fromAsset
    com.google.android.gms.maps.model.BitmapDescriptor fromFile(java.lang.String) -> fromFile
    com.google.android.gms.maps.model.BitmapDescriptor fromPath(java.lang.String) -> fromPath
    com.google.android.gms.maps.model.BitmapDescriptor defaultMarker() -> defaultMarker
    com.google.android.gms.maps.model.BitmapDescriptor defaultMarker(float) -> defaultMarker
    com.google.android.gms.maps.model.BitmapDescriptor fromBitmap(android.graphics.Bitmap) -> fromBitmap
com.google.android.gms.maps.model.CameraPosition -> com.google.android.gms.maps.model.CameraPosition:
    com.google.android.gms.maps.model.a CREATOR -> CREATOR
    int CK -> a
    com.google.android.gms.maps.model.LatLng target -> target
    float zoom -> zoom
    float tilt -> tilt
    float bearing -> bearing
    void writeToParcel(android.os.Parcel,int) -> writeToParcel
    int describeContents() -> describeContents
    int hashCode() -> hashCode
    int getVersionCode() -> a
    com.google.android.gms.maps.model.CameraPosition fromLatLngZoom(com.google.android.gms.maps.model.LatLng,float) -> fromLatLngZoom
    com.google.android.gms.maps.model.CameraPosition$Builder builder() -> builder
    com.google.android.gms.maps.model.CameraPosition$Builder builder(com.google.android.gms.maps.model.CameraPosition) -> builder
    boolean equals(java.lang.Object) -> equals
    java.lang.String toString() -> toString
    com.google.android.gms.maps.model.CameraPosition createFromAttributes(android.content.Context,android.util.AttributeSet) -> createFromAttributes