AndroidManager/proguard/usage.txt
com.purehero.apk.manager.ApkHistoryDB:
    private static final java.lang.String DB_FILENAME
    private static final java.lang.String TABLE_NAME
...
android.support.v4.content.ModernAsyncTask:
    private static final java.lang.String LOG_TAG
    private static final int CORE_POOL_SIZE
    private static final int MAXIMUM_POOL_SIZE
    private static final int KEEP_ALIVE
    private static final int MESSAGE_POST_RESULT
    private static final int MESSAGE_POST_PROGRESS
    451:455:protected final varargs void publishProgress(java.lang.Object[])
android.support.v4.content.WakefulBroadcastReceiver:
    private static final java.lang.String EXTRA_WAKE_LOCK_ID
android.support.v4.media.TransportPerformer:
    static final int AUDIOFOCUS_GAIN
    static final int AUDIOFOCUS_GAIN_TRANSIENT
    static final int AUDIOFOCUS_GAIN_TRANSIENT_MAY_DUCK
    static final int AUDIOFOCUS_LOSS
    static final int AUDIOFOCUS_LOSS_TRANSIENT
    static final int AUDIOFOCUS_LOSS_TRANSIENT_CAN_DUCK
android.support.v4.os.EnvironmentCompat:
    private static final java.lang.String TAG
android.support.v4.print.PrintHelperKitkat:
    private static final java.lang.String LOG_TAG
    private static final int MAX_PRINT_SIZE
android.support.v4.text.BidiFormatter:
    private static final char LRE
    private static final char RLE
    private static final char PDF
    private static final char LRM
    private static final char RLM
    private static final java.lang.String EMPTY_STRING
    private static final int FLAG_STEREO_RESET
    private static final int DEFAULT_FLAGS
    private static final int DIR_LTR
    private static final int DIR_UNKNOWN
    private static final int DIR_RTL
android.support.v4.text.BidiFormatter$DirectionalityEstimator:
    private static final int DIR_TYPE_CACHE_SIZE
android.support.v4.text.ICUCompatIcs:
    private static final java.lang.String TAG
android.support.v4.text.TextDirectionHeuristicsCompat:
    private static final int STATE_TRUE
    private static final int STATE_FALSE
    private static final int STATE_UNKNOWN
android.support.v4.util.SimpleArrayMap:
    private static final boolean DEBUG
    private static final java.lang.String TAG
    private static final int BASE_SIZE
    private static final int CACHE_SIZE
android.support.v4.util.TimeUtils:
    private static final int SECONDS_PER_MINUTE
    private static final int SECONDS_PER_HOUR
    private static final int SECONDS_PER_DAY
android.support.v4.view.ActionProvider:
    private static final java.lang.String TAG
android.support.v4.view.GestureDetectorCompat$GestureDetectorCompatImplBase:
    private static final int SHOW_PRESS
    private static final int LONG_PRESS
    private static final int TAP
android.support.v4.view.KeyEventCompat$BaseKeyEventVersionImpl:
    private static final int META_MODIFIER_MASK
    private static final int META_ALL_MASK
android.support.v4.view.MenuItemCompat:
    private static final java.lang.String TAG
android.support.v4.view.PagerTabStrip:
    private static final java.lang.String TAG
    private static final int INDICATOR_HEIGHT
    private static final int MIN_PADDING_BOTTOM
    private static final int TAB_PADDING
    private static final int TAB_SPACING
    private static final int MIN_TEXT_SPACING
    private static final int FULL_UNDERLINE_HEIGHT
    private static final int MIN_STRIP_HEIGHT
android.support.v4.view.PagerTitleStrip:
    private static final java.lang.String TAG
    private static final float SIDE_ALPHA
    private static final int TEXT_SPACING
android.support.v4.view.PagerTitleStripIcs$SingleLineAllCapsTransform:
    private static final java.lang.String TAG
android.support.v4.view.ViewCompat:
    private static final long FAKE_FRAME_TIME